Arguments: 
  /snap/node/3790/bin/node /snap/node/3790/bin/yarn.js config get npmRegistryServer

PATH: 
  /home/mita/Documents/Hacktiv8/E-commerce/ecommerce-cms-client/node_modules/.bin:/home/mita/Documents/Hacktiv8/E-commerce/node_modules/.bin:/home/mita/Documents/Hacktiv8/node_modules/.bin:/home/mita/Documents/node_modules/.bin:/home/mita/node_modules/.bin:/home/node_modules/.bin:/node_modules/.bin:/usr/bin:/usr/local/sbin:/usr/local/bin:/usr/sbin:/usr/bin:/sbin:/bin:/usr/games:/usr/local/games:/snap/bin

Yarn version: 
  1.22.5

Node version: 
  14.16.0

Platform: 
  linux x64

Trace: 
  Error: EACCES: permission denied, write
      at writeSync (fs.js:711:3)
      at SyncWriteStream._write (internal/fs/sync_write_stream.js:24:3)
      at writeOrBuffer (internal/streams/writable.js:358:12)
      at SyncWriteStream.Writable.write (internal/streams/writable.js:303:10)
      at ConsoleReporter._log (/snap/node/3790/lib/cli.js:96770:17)
      at ConsoleReporter.log (/snap/node/3790/lib/cli.js:96758:10)
      at get (/snap/node/3790/lib/cli.js:87536:14)
      at Object.<anonymous> (/snap/node/3790/lib/cli.js:25940:25)
      at Generator.next (<anonymous>)
      at step (/snap/node/3790/lib/cli.js:310:30)

npm manifest: 
  {
    "name": "ecommerce-cms-client",
    "version": "1.0.0",
    "description": "admin website untuk managing content e-commerce",
    "main": "index.js",
    "scripts": {
      "test": "echo \"Error: no test specified\" && exit 1"
    },
    "repository": {
      "type": "git",
      "url": "git+https://github.com/PuspaWidya/ecommerce-cms-client.git"
    },
    "keywords": [],
    "author": "",
    "license": "ISC",
    "bugs": {
      "url": "https://github.com/PuspaWidya/ecommerce-cms-client/issues"
    },
    "homepage": "https://github.com/PuspaWidya/ecommerce-cms-client#readme"
  }

yarn manifest: 
  No manifest

Lockfile: 
  No lockfile
